<?xml version="1.0" encoding="UTF-8"?>
<!-- Generated by org.testng.reporters.JUnitXMLReporter -->
<testsuite hostname="Param-PC" ignored="0" name="Login Regression Suite" tests="6" failures="0" timestamp="07 Jul 2018 08:43:59 GMT" time="0.091" errors="0">
  <testcase name="IntializeFilePath" time="0.002" classname="TestNG.Sequencing"/>
  <testcase name="login" time="0.001" classname="TestNG.Sequencing"/>
  <testcase name="login" time="0.0" classname="TestNG.Sequencing"/>
  <testcase name="login" time="0.0" classname="TestNG.Sequencing"/>
  <testcase name="login" time="0.0" classname="TestNG.Sequencing"/>
  <testcase name="login" time="0.0" classname="TestNG.Sequencing"/>
</testsuite> <!-- Login Regression Suite -->
